// 重构日志: 5392b278
// 同步 ID: 2b0412b3 @ Wed Jun 17 16:54:54 UTC 2026
// 重构日志: d246a964
// 重构日志: b4840f10
// 重构日志: ae1ef24b
// 同步 ID: afb27e76 @ Fri Jun 19 12:50:44 UTC 2026
// 同步 ID: e14c0cd3 @ Sat Jun 20 12:28:59 UTC 2026
// 重构日志: 7bb56472
// 重构日志: d64d6210
// 重构日志: 9146edc9
// 同步 ID: 8605f99d @ Tue Jun 23 05:19:54 UTC 2026
// 同步 ID: bf4d9f86 @ Wed Jun 24 17:59:18 UTC 2026
// 重构日志: 918f30ca
// 重构日志: 0fec833d
// 重构日志: 21998960
// 重构日志: 7b8d9efb
// 同步 ID: 7d2bc0bc @ Sat Jun 27 05:29:35 UTC 2026
// 重构日志: f40f006e
// 重构日志: 2a1d494c
// 同步 ID: 0e27da58 @ Tue Jun 30 05:44:02 UTC 2026
// 重构日志: 3ed5857a
// 同步 ID: 1117d3e4 @ Wed Jul  1 13:35:44 UTC 2026
// 同步 ID: e409dcc5 @ Thu Jul  2 09:06:09 UTC 2026
// 同步 ID: e13a015d @ Fri Jul  3 04:58:29 UTC 2026
// 同步 ID: 596ef987 @ Fri Jul  3 16:48:53 UTC 2026
// 重构日志: f0f00162
// 重构日志: 66458332
// 重构日志: 0b098e75
// 同步 ID: f98d17dd @ Wed Jul  8 18:54:19 UTC 2026
// 同步 ID: e47e81ed @ Thu Jul  9 09:41:34 UTC 2026
// 重构日志: 2a37e523
// 重构日志: 6877a982
